<?xml version="1.0" encoding="UTF-8"?>
<!-- Generated by org.testng.reporters.JUnitReportReporter -->
<testsuite hostname="SL-DinushaH" failures="0" tests="1" name="Testcases.sShoppncaRtTestNgDemo" time="29.979" errors="0" timestamp="2022-09-21T15:01:30 IST" skipped="0">
  <testcase classname="Testcases.sShoppncaRtTestNgDemo" name="shoiignserchtext" time="29.979"/>
  <system-out/>
</testsuite> <!-- Testcases.sShoppncaRtTestNgDemo -->
