<?xml version="1.0" encoding="UTF-8"?>
<!-- Generated by org.testng.reporters.JUnitReportReporter -->
<testsuite hostname="SL-DinushaH" failures="0" tests="1" name="clipboardHealthTest.ProductDetailPageTest" time="5.225" errors="0" timestamp="2022-09-22T11:27:55 IST" skipped="0">
  <testcase classname="clipboardHealthTest.ProductDetailPageTest" name="SelectProdutFromList" time="5.225"/>
  <system-out/>
</testsuite> <!-- clipboardHealthTest.ProductDetailPageTest -->
