<?xml version="1.0" encoding="UTF-8"?>
<!-- Generated by org.testng.reporters.JUnitReportReporter -->
<testsuite hostname="SL-DinushaH" failures="0" tests="1" name="clipboardHealthTest.HomePageTest" time="10.547" errors="0" timestamp="2022-09-22T11:26:23 IST" skipped="0">
  <testcase classname="clipboardHealthTest.HomePageTest" name="NavigateToSamsungProductDetailView" time="10.547"/>
  <system-out/>
</testsuite> <!-- clipboardHealthTest.HomePageTest -->
