<?xml version="1.0" encoding="UTF-8"?>
<!-- Generated by org.testng.reporters.JUnitReportReporter -->
<testsuite hostname="SL-DinushaH" failures="0" tests="1" name="Testcases.PracticleTest" time="20.726" errors="0" timestamp="2022-09-21T15:11:11 IST" skipped="0">
  <testcase classname="Testcases.PracticleTest" name="shoiignserchtext" time="20.726"/>
  <system-out/>
</testsuite> <!-- Testcases.PracticleTest -->
